<?xml version="1.0" encoding="UTF-8"?>
<!-- Generated by org.testng.reporters.JUnitXMLReporter -->
<testsuite ignored="4" hostname="DESKTOP-68C1C7O" failures="0" tests="2" name="Test" time="41.051" errors="0" timestamp="2023-04-06T12:13:47 IST">
  <testcase classname="vtigerUtitlity.BaseClass" name="@BeforeMethod bmConfig" time="0.005">
    <failure type="java.lang.NullPointerException" message="Cannot invoke &amp;quot;org.openqa.selenium.SearchContext.findElement(org.openqa.selenium.By)&amp;quot; because &amp;quot;this.searchContext&amp;quot; is null">
      <![CDATA[java.lang.NullPointerException: Cannot invoke "org.openqa.selenium.SearchContext.findElement(org.openqa.selenium.By)" because "this.searchContext" is null
at org.openqa.selenium.support.pagefactory.DefaultElementLocator.findElement(DefaultElementLocator.java:70)
at org.openqa.selenium.support.pagefactory.internal.LocatingElementHandler.invoke(LocatingElementHandler.java:39)
at jdk.proxy2/jdk.proxy2.$Proxy23.sendKeys(Unknown Source)
at vtiger.ObjectRepository.LoginPage.login(LoginPage.java:41)
at vtigerUtitlity.BaseClass.bmConfig(BaseClass.java:68)
at java.base/java.util.ArrayList.forEach(ArrayList.java:1511)
... Removed 29 stack frames]]>
    </failure>
  </testcase> <!-- @BeforeMethod bmConfig -->
  <testcase classname="vtigerUtitlity.BaseClass" name="@AfterMethod amConfig" time="0.006">
    <failure type="java.lang.IllegalArgumentException" message="Driver must be set">
      <![CDATA[java.lang.IllegalArgumentException: Driver must be set
at org.openqa.selenium.internal.Require.nonNull(Require.java:59)
at org.openqa.selenium.interactions.Actions.<init>(Actions.java:60)
at vtigerUtitlity.WebdriverUtility.mouseHover(WebdriverUtility.java:112)
at vtiger.ObjectRepository.HomePage.logOutOfApp(HomePage.java:94)
at vtigerUtitlity.BaseClass.amConfig(BaseClass.java:76)
at java.base/java.util.ArrayList.forEach(ArrayList.java:1511)
... Removed 30 stack frames]]>
    </failure>
  </testcase> <!-- @AfterMethod amConfig -->
  <testcase classname="vitiger.Organization.Test.CreateOrgnization" name="createOrg" time="17.109"/>
  <testcase classname="vitiger.Organization.Test.CreateOrganizationWithIndustryTest" name="createOrgWithIndustry" time="0.0">
    <skipped/>
  </testcase> <!-- createOrgWithIndustry -->
  <testcase classname="vtigerUtitlity.BaseClass" name="@BeforeTest bcConfig" time="0.0">
    <ignored/>
  </testcase> <!-- @BeforeTest bcConfig -->
  <testcase classname="vtigerUtitlity.BaseClass" name="@AfterSuite asConfig" time="0.0">
    <ignored/>
  </testcase> <!-- @AfterSuite asConfig -->
  <testcase classname="vtigerUtitlity.BaseClass" name="@BeforeSuite bsConfig" time="0.0">
    <ignored/>
  </testcase> <!-- @BeforeSuite bsConfig -->
  <testcase classname="vtigerUtitlity.BaseClass" name="@AfterTest acConfig" time="0.0">
    <ignored/>
  </testcase> <!-- @AfterTest acConfig -->
</testsuite> <!-- Test -->
