<?xml version="1.0" encoding="UTF-8"?>
<!-- Generated by org.testng.reporters.JUnitXMLReporter -->
<testsuite ignored="4" hostname="DESKTOP-68C1C7O" failures="2" tests="3" name="Test1" time="92.879" errors="0" timestamp="2023-03-29T12:11:29 IST">
  <testcase classname="vitiger.Organization.Test.CreateOrgnization" name="createOrg" time="19.594"/>
  <testcase classname="vitiger.Organization.Test.CreateOrganizationWithIndustryAndTypeTest" name="createOgWithIndustry" time="0.177">
    <failure type="java.lang.NullPointerException" message="Cannot invoke &amp;quot;org.apache.poi.ss.usermodel.Sheet.getRow(int)&amp;quot; because the return value of &amp;quot;org.apache.poi.ss.usermodel.Workbook.getSheet(String)&amp;quot; is null">
      <![CDATA[java.lang.NullPointerException: Cannot invoke "org.apache.poi.ss.usermodel.Sheet.getRow(int)" because the return value of "org.apache.poi.ss.usermodel.Workbook.getSheet(String)" is null
at vtigerUtitlity.ExcelFileUtility.readDataFromExcel(ExcelFileUtility.java:30)
at vitiger.Organization.Test.CreateOrganizationWithIndustryAndTypeTest.createOgWithIndustry(CreateOrganizationWithIndustryAndTypeTest.java:18)
at java.base/java.util.ArrayList.forEach(ArrayList.java:1511)
... Removed 25 stack frames]]>
    </failure>
  </testcase> <!-- createOgWithIndustry -->
  <testcase classname="vitiger.Organization.Test.CreateOrganizationWithIndustryTest" name="createOrgWithIndustry" time="0.692">
    <failure type="java.lang.NullPointerException" message="Cannot invoke &amp;quot;org.apache.poi.ss.usermodel.Sheet.getRow(int)&amp;quot; because the return value of &amp;quot;org.apache.poi.ss.usermodel.Workbook.getSheet(String)&amp;quot; is null">
      <![CDATA[java.lang.NullPointerException: Cannot invoke "org.apache.poi.ss.usermodel.Sheet.getRow(int)" because the return value of "org.apache.poi.ss.usermodel.Workbook.getSheet(String)" is null
at vtigerUtitlity.ExcelFileUtility.readDataFromExcel(ExcelFileUtility.java:30)
at vitiger.Organization.Test.CreateOrganizationWithIndustryTest.createOrgWithIndustry(CreateOrganizationWithIndustryTest.java:21)
at java.base/java.util.ArrayList.forEach(ArrayList.java:1511)
... Removed 25 stack frames]]>
    </failure>
  </testcase> <!-- createOrgWithIndustry -->
  <testcase classname="vtigerUtitlity.BaseClass" name="@AfterSuite asConfig" time="0.0">
    <ignored/>
  </testcase> <!-- @AfterSuite asConfig -->
  <testcase classname="vtigerUtitlity.BaseClass" name="@AfterSuite asConfig" time="0.0">
    <ignored/>
  </testcase> <!-- @AfterSuite asConfig -->
  <testcase classname="vtigerUtitlity.BaseClass" name="@BeforeSuite bsConfig" time="0.0">
    <ignored/>
  </testcase> <!-- @BeforeSuite bsConfig -->
  <testcase classname="vtigerUtitlity.BaseClass" name="@BeforeSuite bsConfig" time="0.0">
    <ignored/>
  </testcase> <!-- @BeforeSuite bsConfig -->
</testsuite> <!-- Test1 -->
