<?xml version="1.0" encoding="UTF-8"?>
<testng-results ignored="0" total="1" passed="1" failed="0" skipped="0">
  <reporter-output>
  </reporter-output>
  <suite started-at="2023-04-10T10:37:30 IST" name="Default suite" finished-at="2023-04-10T10:38:02 IST" duration-ms="31724">
    <groups>
      <group name="regressionsuite">
        <method signature="CreateOrganizationWithIndustryTest.createOrgWithIndustry()[pri:0, instance:vitiger.Organization.Test.CreateOrganizationWithIndustryTest@5876a9af]" name="createOrgWithIndustry" class="vitiger.Organization.Test.CreateOrganizationWithIndustryTest"/>
      </group> <!-- regressionsuite -->
    </groups>
    <test started-at="2023-04-10T10:37:30 IST" name="Default test" finished-at="2023-04-10T10:38:02 IST" duration-ms="31724">
      <class name="vitiger.Organization.Test.CreateOrganizationWithIndustryTest">
        <test-method is-config="true" signature="bsConfig()[pri:0, instance:vitiger.Organization.Test.CreateOrganizationWithIndustryTest@5876a9af]" started-at="2023-04-10T10:37:30 IST" name="bsConfig" finished-at="2023-04-10T10:37:30 IST" duration-ms="12" status="PASS">
          <reporter-output>
          </reporter-output>
        </test-method> <!-- bsConfig -->
        <test-method is-config="true" signature="bcConfig()[pri:0, instance:vitiger.Organization.Test.CreateOrganizationWithIndustryTest@5876a9af]" started-at="2023-04-10T10:37:31 IST" name="bcConfig" finished-at="2023-04-10T10:37:39 IST" duration-ms="8664" status="PASS">
          <reporter-output>
          </reporter-output>
        </test-method> <!-- bcConfig -->
        <test-method is-config="true" signature="bmConfig()[pri:0, instance:vitiger.Organization.Test.CreateOrganizationWithIndustryTest@5876a9af]" started-at="2023-04-10T10:37:39 IST" name="bmConfig" finished-at="2023-04-10T10:37:44 IST" duration-ms="4610" status="PASS">
          <reporter-output>
          </reporter-output>
        </test-method> <!-- bmConfig -->
        <test-method signature="createOrgWithIndustry()[pri:0, instance:vitiger.Organization.Test.CreateOrganizationWithIndustryTest@5876a9af]" started-at="2023-04-10T10:37:44 IST" name="createOrgWithIndustry" finished-at="2023-04-10T10:37:59 IST" duration-ms="14643" status="PASS">
          <reporter-output>
          </reporter-output>
        </test-method> <!-- createOrgWithIndustry -->
        <test-method is-config="true" signature="amConfig()[pri:0, instance:vitiger.Organization.Test.CreateOrganizationWithIndustryTest@5876a9af]" started-at="2023-04-10T10:37:59 IST" name="amConfig" finished-at="2023-04-10T10:38:00 IST" duration-ms="1716" status="PASS">
          <reporter-output>
          </reporter-output>
        </test-method> <!-- amConfig -->
        <test-method is-config="true" signature="acConfig()[pri:0, instance:vitiger.Organization.Test.CreateOrganizationWithIndustryTest@5876a9af]" started-at="2023-04-10T10:38:00 IST" name="acConfig" finished-at="2023-04-10T10:38:02 IST" duration-ms="1585" status="PASS">
          <reporter-output>
          </reporter-output>
        </test-method> <!-- acConfig -->
        <test-method is-config="true" signature="asConfig()[pri:0, instance:vitiger.Organization.Test.CreateOrganizationWithIndustryTest@5876a9af]" started-at="2023-04-10T10:38:03 IST" name="asConfig" finished-at="2023-04-10T10:38:03 IST" duration-ms="2" status="PASS">
          <reporter-output>
          </reporter-output>
        </test-method> <!-- asConfig -->
      </class> <!-- vitiger.Organization.Test.CreateOrganizationWithIndustryTest -->
    </test> <!-- Default test -->
  </suite> <!-- Default suite -->
</testng-results>
